Compiling the C compiler identification source file "CMakeCCompilerId.c" failed.
Compiler: /Users/franciscomartinez/anaconda3/envs/my_geant/bin/x86_64-apple-darwin13.4.0-clang 
Build flags: -march=core2;-mtune=haswell;-mssse3;-ftree-vectorize;-fPIC;-fPIE;-fstack-protector-strong;-O2;-pipe;-isystem;/Users/franciscomartinez/anaconda3/envs/my_geant/include
Id flags:  

The output was:
1
ld: warning: directory not found for option '-L/opt/homebrew/Cellar/gcc/11.2.0_3/lib/gcc/11/'
ld: library not found for -lSystem
clang-16: error: linker command failed with exit code 1 (use -v to see invocation)


Compiling the CXX compiler identification source file "CMakeCXXCompilerId.cpp" failed.
Compiler: /Users/franciscomartinez/anaconda3/envs/my_geant/bin/x86_64-apple-darwin13.4.0-clang++ 
Build flags: -march=core2;-mtune=haswell;-mssse3;-ftree-vectorize;-fPIC;-fPIE;-fstack-protector-strong;-O2;-pipe;-stdlib=libc++;-fvisibility-inlines-hidden;-fmessage-length=0;-isystem;/Users/franciscomartinez/anaconda3/envs/my_geant/include
Id flags:  

The output was:
1
ld: warning: directory not found for option '-L/opt/homebrew/Cellar/gcc/11.2.0_3/lib/gcc/11/'
ld: library not found for -lc++
clang-16: error: linker command failed with exit code 1 (use -v to see invocation)


Detecting C compiler ABI info failed to compile with the following output:
Change Dir: /Users/franciscomartinez/g4_tutorial/build/CMakeFiles/CMakeTmp

Run Build Command(s):/Users/franciscomartinez/anaconda3/envs/my_geant/bin/make -f Makefile cmTC_0332c/fast && /Users/franciscomartinez/anaconda3/envs/my_geant/bin/make  -f CMakeFiles/cmTC_0332c.dir/build.make CMakeFiles/cmTC_0332c.dir/build
make[1]: Entering directory '/Users/franciscomartinez/g4_tutorial/build/CMakeFiles/CMakeTmp'
Building C object CMakeFiles/cmTC_0332c.dir/CMakeCCompilerABI.c.o
/Users/franciscomartinez/anaconda3/envs/my_geant/bin/x86_64-apple-darwin13.4.0-clang   -march=core2 -mtune=haswell -mssse3 -ftree-vectorize -fPIC -fPIE -fstack-protector-strong -O2 -pipe -isystem /Users/franciscomartinez/anaconda3/envs/my_geant/include  -arch arm64 -isysroot /Library/Developer/CommandLineTools/SDKs/MacOSX.sdk   -v -Wl,-v -MD -MT CMakeFiles/cmTC_0332c.dir/CMakeCCompilerABI.c.o -MF CMakeFiles/cmTC_0332c.dir/CMakeCCompilerABI.c.o.d -o CMakeFiles/cmTC_0332c.dir/CMakeCCompilerABI.c.o -c /opt/homebrew/Cellar/cmake/3.24.2/share/cmake/Modules/CMakeCCompilerABI.c
clang version 16.0.6
Target: arm64-apple-darwin13.4.0
Thread model: posix
InstalledDir: /Users/franciscomartinez/anaconda3/envs/my_geant/bin
clang-16: warning: -Wl,-v: 'linker' input unused [-Wunused-command-line-argument]
clang-16: error: unsupported argument 'core2' to option '-march='
make[1]: *** [CMakeFiles/cmTC_0332c.dir/build.make:79: CMakeFiles/cmTC_0332c.dir/CMakeCCompilerABI.c.o] Error 1
make[1]: Leaving directory '/Users/franciscomartinez/g4_tutorial/build/CMakeFiles/CMakeTmp'
make: *** [Makefile:127: cmTC_0332c/fast] Error 2




Determining if the C compiler works failed with the following output:
Change Dir: /Users/franciscomartinez/g4_tutorial/build/CMakeFiles/CMakeTmp

Run Build Command(s):/Users/franciscomartinez/anaconda3/envs/my_geant/bin/make -f Makefile cmTC_f3134/fast && /Users/franciscomartinez/anaconda3/envs/my_geant/bin/make  -f CMakeFiles/cmTC_f3134.dir/build.make CMakeFiles/cmTC_f3134.dir/build
make[1]: Entering directory '/Users/franciscomartinez/g4_tutorial/build/CMakeFiles/CMakeTmp'
Building C object CMakeFiles/cmTC_f3134.dir/testCCompiler.c.o
/Users/franciscomartinez/anaconda3/envs/my_geant/bin/x86_64-apple-darwin13.4.0-clang   -march=core2 -mtune=haswell -mssse3 -ftree-vectorize -fPIC -fPIE -fstack-protector-strong -O2 -pipe -isystem /Users/franciscomartinez/anaconda3/envs/my_geant/include  -arch arm64 -isysroot /Library/Developer/CommandLineTools/SDKs/MacOSX.sdk -MD -MT CMakeFiles/cmTC_f3134.dir/testCCompiler.c.o -MF CMakeFiles/cmTC_f3134.dir/testCCompiler.c.o.d -o CMakeFiles/cmTC_f3134.dir/testCCompiler.c.o -c /Users/franciscomartinez/g4_tutorial/build/CMakeFiles/CMakeTmp/testCCompiler.c
clang-16: error: unsupported argument 'core2' to option '-march='
make[1]: *** [CMakeFiles/cmTC_f3134.dir/build.make:79: CMakeFiles/cmTC_f3134.dir/testCCompiler.c.o] Error 1
make[1]: Leaving directory '/Users/franciscomartinez/g4_tutorial/build/CMakeFiles/CMakeTmp'
make: *** [Makefile:127: cmTC_f3134/fast] Error 2



